<?xml version="1.0" encoding="UTF-8"?>
<!-- Generated by org.testng.reporters.JUnitReportReporter -->
<testsuite hostname="DESKTOP-22K1PG5" failures="0" tests="4" name="api.test.UserTests2" time="9.222" errors="0" timestamp="2024-09-02T18:20:30 IST" skipped="0">
  <testcase classname="api.test.UserTests2" name="testPostUser" time="3.837"/>
  <testcase classname="api.test.UserTests2" name="testGetUserByName" time="1.525"/>
  <testcase classname="api.test.UserTests2" name="testUpdateUserByName" time="2.564"/>
  <testcase classname="api.test.UserTests2" name="testDeleteUserByName" time="1.296"/>
</testsuite> <!-- api.test.UserTests2 -->
