<?xml version="1.0" encoding="UTF-8"?>
<!-- Generated by org.testng.reporters.JUnitReportReporter -->
<testsuite hostname="DESKTOP-22K1PG5" failures="0" tests="4" name="api.test.UserTests" time="8.494" errors="0" timestamp="2024-09-02T17:24:20 IST" skipped="0">
  <testcase classname="api.test.UserTests" name="testPostUser" time="3.383"/>
  <testcase classname="api.test.UserTests" name="testGetUserByName" time="1.321"/>
  <testcase classname="api.test.UserTests" name="testUpdateUserByName" time="2.577"/>
  <testcase classname="api.test.UserTests" name="testDeleteUserByName" time="1.213"/>
</testsuite> <!-- api.test.UserTests -->
