<?xml version="1.0" encoding="UTF-8"?>
<!-- Generated by org.testng.reporters.JUnitReportReporter -->
<testsuite hostname="DESKTOP-22K1PG5" failures="0" tests="6" name="api.test.DDTests" time="9.340" errors="0" timestamp="2024-09-02T16:59:50 IST" skipped="0">
  <testcase classname="api.test.DDTests" name="testPostUser" time="3.246"/>
  <testcase classname="api.test.DDTests" name="testPostUser" time="1.319"/>
  <testcase classname="api.test.DDTests" name="testPostUser" time="1.171"/>
  <testcase classname="api.test.DDTests" name="testDeleteUserByName" time="1.206"/>
  <testcase classname="api.test.DDTests" name="testDeleteUserByName" time="1.225"/>
  <testcase classname="api.test.DDTests" name="testDeleteUserByName" time="1.173"/>
</testsuite> <!-- api.test.DDTests -->
