<?xml version="1.0" encoding="UTF-8"?>
<!-- Generated by org.testng.reporters.JUnitReportReporter -->
<testsuite hostname="DESKTOP-22K1PG5" failures="0" tests="4" name="api.test.UserTests2" time="9.620" errors="0" timestamp="2024-09-02T18:44:41 IST" skipped="0">
  <testcase classname="api.test.UserTests2" name="testPostUser" time="3.562"/>
  <testcase classname="api.test.UserTests2" name="testGetUserByName" time="1.420"/>
  <testcase classname="api.test.UserTests2" name="testUpdateUserByName" time="3.175"/>
  <testcase classname="api.test.UserTests2" name="testDeleteUserByName" time="1.463"/>
</testsuite> <!-- api.test.UserTests2 -->
